     Creando biblioteca C:\Users\luis-\OneDrive\Documents\Software 3er Semestre\Estructura de Datos\Programas de visual studio\Luis_Espinosa_Deber3\Debug\PruebaUnitariaDeber3.lib y objeto C:\Users\luis-\OneDrive\Documents\Software 3er Semestre\Estructura de Datos\Programas de visual studio\Luis_Espinosa_Deber3\Debug\PruebaUnitariaDeber3.exp
PruebaUnitariaDeber3.obj : error LNK2019: símbolo externo "public: __thiscall Numero<double>::Numero<double>(double,double)" (??0?$Numero@N@@QAE@NN@Z) sin resolver al que se hace referencia en la función "public: void __thiscall PruebaUnitariaDeber3::PruebaUnitariaDeber3::PorcentajeTestMethod(void)" (?PorcentajeTestMethod@PruebaUnitariaDeber3@1@QAEXXZ)
PruebaUnitariaDeber3.obj : error LNK2019: símbolo externo "public: double __thiscall Operacion<double>::Porcentaj(class Numero<double> &)" (?Porcentaj@?$Operacion@N@@QAENAAV?$Numero@N@@@Z) sin resolver al que se hace referencia en la función "public: void __thiscall PruebaUnitariaDeber3::PruebaUnitariaDeber3::PorcentajeTestMethod(void)" (?PorcentajeTestMethod@PruebaUnitariaDeber3@1@QAEXXZ)
C:\Users\luis-\OneDrive\Documents\Software 3er Semestre\Estructura de Datos\Programas de visual studio\Luis_Espinosa_Deber3\Debug\PruebaUnitariaDeber3.dll : fatal error LNK1120: 2 externos sin resolver
